<?xml version="1.0" encoding="UTF-8"?>
<!-- Generated by org.testng.reporters.JUnitReportReporter -->
<testsuite hostname="Narasimha" failures="0" tests="2" name="com.example.Selenium_TestNGDemo.TestNG_Demo" time="12.884" errors="0" timestamp="2024-01-09T11:06:20 EST" skipped="0">
  <testcase classname="com.example.Selenium_TestNGDemo.TestNG_Demo" name="verifyLoginPageTitle" time="7.313"/>
  <testcase classname="com.example.Selenium_TestNGDemo.TestNG_Demo" name="verifyloginPage" time="5.571"/>
</testsuite> <!-- com.example.Selenium_TestNGDemo.TestNG_Demo -->
